[2024-02-04 18:13:37,466] {manager.py:480} INFO - Processing files using up to 1 processes at a time 
[2024-02-04 18:13:37,466] {manager.py:481} INFO - Process each file at most once every 30 seconds
[2024-02-04 18:13:37,466] {manager.py:482} INFO - Checking for new files in /home/airflow/dags every 300 seconds
[2024-02-04 18:13:37,466] {manager.py:690} INFO - Searching for files in /home/airflow/dags
[2024-02-04 18:13:40,024] {manager.py:693} INFO - There are 39 files in /home/airflow/dags
[2024-02-04 18:13:51,130] {manager.py:809} INFO - 
================================================================================
DAG File Processing Stats

File Path                                                                                               PID    Runtime      # DAGs    # Errors  Last Runtime    Last Run
------------------------------------------------------------------------------------------------------  -----  ---------  --------  ----------  --------------  -------------------
/home/airflow/dags/Lead_scoring_data_pipeline/lead_scoring_data_pipeline.py                                                      0           0
/home/airflow/dags/Lead_scoring_data_pipeline/constants.py                                                                       0           0  2.93s           2024-02-04T18:13:51
/home/airflow/dags/Lead_scoring_data_pipeline/utils.py                                                                           0           0
/home/airflow/dags/Lead_scoring_data_pipeline/.ipynb_checkpoints/constants-checkpoint.py                                         0           0
/home/airflow/dags/Lead_scoring_data_pipeline/.ipynb_checkpoints/utils-checkpoint.py                                             0           0
/opt/conda/lib/python3.8/site-packages/airflow/example_dags/example_bash_operator.py                                             0           0
/opt/conda/lib/python3.8/site-packages/airflow/example_dags/example_branch_datetime_operator.py                                  0           0
/opt/conda/lib/python3.8/site-packages/airflow/example_dags/example_branch_day_of_week_operator.py                               0           0
/opt/conda/lib/python3.8/site-packages/airflow/example_dags/example_branch_labels.py                                             0           0
/opt/conda/lib/python3.8/site-packages/airflow/example_dags/example_branch_operator.py                                           0           0
/opt/conda/lib/python3.8/site-packages/airflow/example_dags/example_branch_operator_decorator.py                                 0           0
/opt/conda/lib/python3.8/site-packages/airflow/example_dags/example_branch_python_dop_operator_3.py                              0           0
/opt/conda/lib/python3.8/site-packages/airflow/example_dags/example_complex.py                                                   0           0
/opt/conda/lib/python3.8/site-packages/airflow/example_dags/example_dag_decorator.py                                             0           0
/opt/conda/lib/python3.8/site-packages/airflow/example_dags/example_external_task_marker_dag.py                                  0           0
/opt/conda/lib/python3.8/site-packages/airflow/example_dags/example_kubernetes_executor.py                                       0           0
/opt/conda/lib/python3.8/site-packages/airflow/example_dags/example_latest_only.py                                               0           0
/opt/conda/lib/python3.8/site-packages/airflow/example_dags/example_latest_only_with_trigger.py                                  0           0
/opt/conda/lib/python3.8/site-packages/airflow/example_dags/example_local_kubernetes_executor.py                                 0           0
/opt/conda/lib/python3.8/site-packages/airflow/example_dags/example_nested_branch_dag.py                                         0           0
/opt/conda/lib/python3.8/site-packages/airflow/example_dags/example_passing_params_via_test_command.py                           0           0
/opt/conda/lib/python3.8/site-packages/airflow/example_dags/example_python_operator.py                                           0           0
/opt/conda/lib/python3.8/site-packages/airflow/example_dags/example_short_circuit_operator.py                                    0           0
/opt/conda/lib/python3.8/site-packages/airflow/example_dags/example_skip_dag.py                                                  0           0
/opt/conda/lib/python3.8/site-packages/airflow/example_dags/example_sla_dag.py                                                   0           0
/opt/conda/lib/python3.8/site-packages/airflow/example_dags/example_subdag_operator.py                                           0           0
/opt/conda/lib/python3.8/site-packages/airflow/example_dags/example_task_group.py                                                0           0
/opt/conda/lib/python3.8/site-packages/airflow/example_dags/example_task_group_decorator.py                                      0           0
/opt/conda/lib/python3.8/site-packages/airflow/example_dags/example_time_delta_sensor_async.py                                   0           0
/opt/conda/lib/python3.8/site-packages/airflow/example_dags/example_trigger_controller_dag.py                                    0           0
/opt/conda/lib/python3.8/site-packages/airflow/example_dags/example_trigger_target_dag.py                                        0           0
/opt/conda/lib/python3.8/site-packages/airflow/example_dags/example_xcom.py                                                      0           0
/opt/conda/lib/python3.8/site-packages/airflow/example_dags/example_xcomargs.py                                                  0           0
/opt/conda/lib/python3.8/site-packages/airflow/example_dags/tutorial.py                                                          0           0
/opt/conda/lib/python3.8/site-packages/airflow/example_dags/tutorial_etl_dag.py                                                  0           0
/opt/conda/lib/python3.8/site-packages/airflow/example_dags/tutorial_taskflow_api_etl.py                                         0           0
/opt/conda/lib/python3.8/site-packages/airflow/example_dags/tutorial_taskflow_api_etl_virtualenv.py                              0           0
/opt/conda/lib/python3.8/site-packages/airflow/example_dags/plugins/workday.py                                                   0           0
/opt/conda/lib/python3.8/site-packages/airflow/example_dags/subdags/subdag.py                                                    0           0
================================================================================
[2024-02-04 18:14:32,053] {manager.py:809} INFO - 
================================================================================
DAG File Processing Stats

File Path                                                                                               PID    Runtime      # DAGs    # Errors  Last Runtime    Last Run
------------------------------------------------------------------------------------------------------  -----  ---------  --------  ----------  --------------  -------------------
/home/airflow/dags/Lead_scoring_data_pipeline/lead_scoring_data_pipeline.py                                                      0           0
/home/airflow/dags/Lead_scoring_data_pipeline/constants.py                                                                       0           0  2.93s           2024-02-04T18:13:51
/home/airflow/dags/Lead_scoring_data_pipeline/utils.py                                                                           0           1  3.85s           2024-02-04T18:14:32
/home/airflow/dags/Lead_scoring_data_pipeline/.ipynb_checkpoints/constants-checkpoint.py                                         0           0  3.05s           2024-02-04T18:14:09
/home/airflow/dags/Lead_scoring_data_pipeline/.ipynb_checkpoints/utils-checkpoint.py                                             0           0
/opt/conda/lib/python3.8/site-packages/airflow/example_dags/example_bash_operator.py                                             0           0
/opt/conda/lib/python3.8/site-packages/airflow/example_dags/example_branch_datetime_operator.py                                  0           0
/opt/conda/lib/python3.8/site-packages/airflow/example_dags/example_branch_day_of_week_operator.py                               0           0
/opt/conda/lib/python3.8/site-packages/airflow/example_dags/example_branch_labels.py                                             0           0
/opt/conda/lib/python3.8/site-packages/airflow/example_dags/example_branch_operator.py                                           0           0
/opt/conda/lib/python3.8/site-packages/airflow/example_dags/example_branch_operator_decorator.py                                 0           0
/opt/conda/lib/python3.8/site-packages/airflow/example_dags/example_branch_python_dop_operator_3.py                              0           0
/opt/conda/lib/python3.8/site-packages/airflow/example_dags/example_complex.py                                                   0           0
/opt/conda/lib/python3.8/site-packages/airflow/example_dags/example_dag_decorator.py                                             0           0
/opt/conda/lib/python3.8/site-packages/airflow/example_dags/example_external_task_marker_dag.py                                  0           0
/opt/conda/lib/python3.8/site-packages/airflow/example_dags/example_kubernetes_executor.py                                       0           0
/opt/conda/lib/python3.8/site-packages/airflow/example_dags/example_latest_only.py                                               0           0
/opt/conda/lib/python3.8/site-packages/airflow/example_dags/example_latest_only_with_trigger.py                                  0           0
/opt/conda/lib/python3.8/site-packages/airflow/example_dags/example_local_kubernetes_executor.py                                 0           0
/opt/conda/lib/python3.8/site-packages/airflow/example_dags/example_nested_branch_dag.py                                         0           0
/opt/conda/lib/python3.8/site-packages/airflow/example_dags/example_passing_params_via_test_command.py                           0           0
/opt/conda/lib/python3.8/site-packages/airflow/example_dags/example_python_operator.py                                           0           0
/opt/conda/lib/python3.8/site-packages/airflow/example_dags/example_short_circuit_operator.py                                    0           0
/opt/conda/lib/python3.8/site-packages/airflow/example_dags/example_skip_dag.py                                                  0           0
/opt/conda/lib/python3.8/site-packages/airflow/example_dags/example_sla_dag.py                                                   0           0
/opt/conda/lib/python3.8/site-packages/airflow/example_dags/example_subdag_operator.py                                           0           0
/opt/conda/lib/python3.8/site-packages/airflow/example_dags/example_task_group.py                                                0           0
/opt/conda/lib/python3.8/site-packages/airflow/example_dags/example_task_group_decorator.py                                      0           0
/opt/conda/lib/python3.8/site-packages/airflow/example_dags/example_time_delta_sensor_async.py                                   0           0
/opt/conda/lib/python3.8/site-packages/airflow/example_dags/example_trigger_controller_dag.py                                    0           0
/opt/conda/lib/python3.8/site-packages/airflow/example_dags/example_trigger_target_dag.py                                        0           0
/opt/conda/lib/python3.8/site-packages/airflow/example_dags/example_xcom.py                                                      0           0
/opt/conda/lib/python3.8/site-packages/airflow/example_dags/example_xcomargs.py                                                  0           0
/opt/conda/lib/python3.8/site-packages/airflow/example_dags/tutorial.py                                                          0           0
/opt/conda/lib/python3.8/site-packages/airflow/example_dags/tutorial_etl_dag.py                                                  0           0
/opt/conda/lib/python3.8/site-packages/airflow/example_dags/tutorial_taskflow_api_etl.py                                         0           0
/opt/conda/lib/python3.8/site-packages/airflow/example_dags/tutorial_taskflow_api_etl_virtualenv.py                              0           0
/opt/conda/lib/python3.8/site-packages/airflow/example_dags/plugins/workday.py                                                   0           0
/opt/conda/lib/python3.8/site-packages/airflow/example_dags/subdags/subdag.py                                                    0           0
================================================================================
[2024-02-04 18:15:14,510] {manager.py:809} INFO - 
================================================================================
DAG File Processing Stats

File Path                                                                                               PID    Runtime      # DAGs    # Errors  Last Runtime    Last Run
------------------------------------------------------------------------------------------------------  -----  ---------  --------  ----------  --------------  -------------------
/home/airflow/dags/Lead_scoring_data_pipeline/lead_scoring_data_pipeline.py                                                      0           1  3.38s           2024-02-04T18:15:14
/home/airflow/dags/Lead_scoring_data_pipeline/constants.py                                                                       0           0  2.93s           2024-02-04T18:13:51
/home/airflow/dags/Lead_scoring_data_pipeline/utils.py                                                                           0           1  3.85s           2024-02-04T18:14:32
/home/airflow/dags/Lead_scoring_data_pipeline/.ipynb_checkpoints/constants-checkpoint.py                                         0           0  3.05s           2024-02-04T18:14:09
/home/airflow/dags/Lead_scoring_data_pipeline/.ipynb_checkpoints/utils-checkpoint.py                                             0           1  4.21s           2024-02-04T18:14:54
/opt/conda/lib/python3.8/site-packages/airflow/example_dags/example_bash_operator.py                                             0           0
/opt/conda/lib/python3.8/site-packages/airflow/example_dags/example_branch_datetime_operator.py                                  0           0
/opt/conda/lib/python3.8/site-packages/airflow/example_dags/example_branch_day_of_week_operator.py                               0           0
/opt/conda/lib/python3.8/site-packages/airflow/example_dags/example_branch_labels.py                                             0           0
/opt/conda/lib/python3.8/site-packages/airflow/example_dags/example_branch_operator.py                                           0           0
/opt/conda/lib/python3.8/site-packages/airflow/example_dags/example_branch_operator_decorator.py                                 0           0
/opt/conda/lib/python3.8/site-packages/airflow/example_dags/example_branch_python_dop_operator_3.py                              0           0
/opt/conda/lib/python3.8/site-packages/airflow/example_dags/example_complex.py                                                   0           0
/opt/conda/lib/python3.8/site-packages/airflow/example_dags/example_dag_decorator.py                                             0           0
/opt/conda/lib/python3.8/site-packages/airflow/example_dags/example_external_task_marker_dag.py                                  0           0
/opt/conda/lib/python3.8/site-packages/airflow/example_dags/example_kubernetes_executor.py                                       0           0
/opt/conda/lib/python3.8/site-packages/airflow/example_dags/example_latest_only.py                                               0           0
/opt/conda/lib/python3.8/site-packages/airflow/example_dags/example_latest_only_with_trigger.py                                  0           0
/opt/conda/lib/python3.8/site-packages/airflow/example_dags/example_local_kubernetes_executor.py                                 0           0
/opt/conda/lib/python3.8/site-packages/airflow/example_dags/example_nested_branch_dag.py                                         0           0
/opt/conda/lib/python3.8/site-packages/airflow/example_dags/example_passing_params_via_test_command.py                           0           0
/opt/conda/lib/python3.8/site-packages/airflow/example_dags/example_python_operator.py                                           0           0
/opt/conda/lib/python3.8/site-packages/airflow/example_dags/example_short_circuit_operator.py                                    0           0
/opt/conda/lib/python3.8/site-packages/airflow/example_dags/example_skip_dag.py                                                  0           0
/opt/conda/lib/python3.8/site-packages/airflow/example_dags/example_sla_dag.py                                                   0           0
/opt/conda/lib/python3.8/site-packages/airflow/example_dags/example_subdag_operator.py                                           0           0
/opt/conda/lib/python3.8/site-packages/airflow/example_dags/example_task_group.py                                                0           0
/opt/conda/lib/python3.8/site-packages/airflow/example_dags/example_task_group_decorator.py                                      0           0
/opt/conda/lib/python3.8/site-packages/airflow/example_dags/example_time_delta_sensor_async.py                                   0           0
/opt/conda/lib/python3.8/site-packages/airflow/example_dags/example_trigger_controller_dag.py                                    0           0
/opt/conda/lib/python3.8/site-packages/airflow/example_dags/example_trigger_target_dag.py                                        0           0
/opt/conda/lib/python3.8/site-packages/airflow/example_dags/example_xcom.py                                                      0           0
/opt/conda/lib/python3.8/site-packages/airflow/example_dags/example_xcomargs.py                                                  0           0
/opt/conda/lib/python3.8/site-packages/airflow/example_dags/tutorial.py                                                          0           0
/opt/conda/lib/python3.8/site-packages/airflow/example_dags/tutorial_etl_dag.py                                                  0           0
/opt/conda/lib/python3.8/site-packages/airflow/example_dags/tutorial_taskflow_api_etl.py                                         0           0
/opt/conda/lib/python3.8/site-packages/airflow/example_dags/tutorial_taskflow_api_etl_virtualenv.py                              0           0
/opt/conda/lib/python3.8/site-packages/airflow/example_dags/plugins/workday.py                                                   0           0
/opt/conda/lib/python3.8/site-packages/airflow/example_dags/subdags/subdag.py                                                    0           0
================================================================================
